Start testing: May 19 14:49 ?D1迆㊣那℅?那㊣??
----------------------------------------------------------
1/1 Testing: test_run
1/1 Test: test_run
Command: "D:/opencv/examples/cvSlam/CmakeTutorials/demo5/bin/Demo5.exe" "5" "2"
Directory: D:/opencv/examples/cvSlam/CmakeTutorials/demo5/build
"test_run" start time: May 19 14:49 ?D1迆㊣那℅?那㊣??
Output:
----------------------------------------------------------
Now we use our own Math library. 
5 ^ 2 is 25
<end of output>
Test time =   0.11 sec
----------------------------------------------------------
Test Passed.
"test_run" end time: May 19 14:49 ?D1迆㊣那℅?那㊣??
"test_run" time elapsed: 00:00:00
----------------------------------------------------------

End testing: May 19 14:49 ?D1迆㊣那℅?那㊣??
